The system is: Darwin - 15.3.0 - x86_64
Compiling the CXX compiler identification source file "CMakeCXXCompilerId.cpp" succeeded.
Compiler: /Applications/Xcode.app/Contents/Developer/Toolchains/XcodeDefault.xctoolchain/usr/bin/c++ 
Build flags: 
Id flags: 

The output was:
0


Compilation of the CXX compiler identification source "CMakeCXXCompilerId.cpp" produced "a.out"

The CXX compiler identification is AppleClang, found in "/Users/almightykim/Workspace/PC/CODE/aptcache/apt-cacher-ng/CMakeFiles/3.4.3/CompilerIdCXX/a.out"

Compiling the C compiler identification source file "CMakeCCompilerId.c" succeeded.
Compiler: /Applications/Xcode.app/Contents/Developer/Toolchains/XcodeDefault.xctoolchain/usr/bin/cc 
Build flags: 
Id flags: 

The output was:
0


Compilation of the C compiler identification source "CMakeCCompilerId.c" produced "a.out"

The C compiler identification is AppleClang, found in "/Users/almightykim/Workspace/PC/CODE/aptcache/apt-cacher-ng/CMakeFiles/3.4.3/CompilerIdC/a.out"

Determining if the CXX compiler works passed with the following output:
Change Dir: /Users/almightykim/Workspace/PC/CODE/aptcache/apt-cacher-ng/CMakeFiles/CMakeTmp

Run Build Command:"/usr/bin/make" "cmTC_595e6/fast"
/Applications/Xcode.app/Contents/Developer/usr/bin/make -f CMakeFiles/cmTC_595e6.dir/build.make CMakeFiles/cmTC_595e6.dir/build
Building CXX object CMakeFiles/cmTC_595e6.dir/testCXXCompiler.cxx.o
/Applications/Xcode.app/Contents/Developer/Toolchains/XcodeDefault.xctoolchain/usr/bin/c++      -o CMakeFiles/cmTC_595e6.dir/testCXXCompiler.cxx.o -c /Users/almightykim/Workspace/PC/CODE/aptcache/apt-cacher-ng/CMakeFiles/CMakeTmp/testCXXCompiler.cxx
Linking CXX executable cmTC_595e6
/usr/local/Cellar/cmake/3.4.3/bin/cmake -E cmake_link_script CMakeFiles/cmTC_595e6.dir/link.txt --verbose=1
/Applications/Xcode.app/Contents/Developer/Toolchains/XcodeDefault.xctoolchain/usr/bin/c++     -Wl,-search_paths_first -Wl,-headerpad_max_install_names   CMakeFiles/cmTC_595e6.dir/testCXXCompiler.cxx.o  -o cmTC_595e6  


Detecting CXX compiler ABI info compiled with the following output:
Change Dir: /Users/almightykim/Workspace/PC/CODE/aptcache/apt-cacher-ng/CMakeFiles/CMakeTmp

Run Build Command:"/usr/bin/make" "cmTC_17e5f/fast"
/Applications/Xcode.app/Contents/Developer/usr/bin/make -f CMakeFiles/cmTC_17e5f.dir/build.make CMakeFiles/cmTC_17e5f.dir/build
Building CXX object CMakeFiles/cmTC_17e5f.dir/CMakeCXXCompilerABI.cpp.o
/Applications/Xcode.app/Contents/Developer/Toolchains/XcodeDefault.xctoolchain/usr/bin/c++      -o CMakeFiles/cmTC_17e5f.dir/CMakeCXXCompilerABI.cpp.o -c /usr/local/Cellar/cmake/3.4.3/share/cmake/Modules/CMakeCXXCompilerABI.cpp
Linking CXX executable cmTC_17e5f
/usr/local/Cellar/cmake/3.4.3/bin/cmake -E cmake_link_script CMakeFiles/cmTC_17e5f.dir/link.txt --verbose=1
/Applications/Xcode.app/Contents/Developer/Toolchains/XcodeDefault.xctoolchain/usr/bin/c++     -Wl,-search_paths_first -Wl,-headerpad_max_install_names  -v -Wl,-v CMakeFiles/cmTC_17e5f.dir/CMakeCXXCompilerABI.cpp.o  -o cmTC_17e5f   
Apple LLVM version 7.0.2 (clang-700.1.81)
Target: x86_64-apple-darwin15.3.0
Thread model: posix
 "/Applications/Xcode.app/Contents/Developer/Toolchains/XcodeDefault.xctoolchain/usr/bin/ld" -demangle -dynamic -arch x86_64 -macosx_version_min 10.11.0 -o cmTC_17e5f -search_paths_first -headerpad_max_install_names -v CMakeFiles/cmTC_17e5f.dir/CMakeCXXCompilerABI.cpp.o -lc++ -lSystem /Applications/Xcode.app/Contents/Developer/Toolchains/XcodeDefault.xctoolchain/usr/bin/../lib/clang/7.0.2/lib/darwin/libclang_rt.osx.a
@(#)PROGRAM:ld  PROJECT:ld64-253.9
configured to support archs: armv6 armv7 armv7s arm64 i386 x86_64 x86_64h armv6m armv7k armv7m armv7em (tvOS)
Library search paths:
	/usr/lib
	/usr/local/lib
Framework search paths:
	/Library/Frameworks/
	/System/Library/Frameworks/


Parsed CXX implicit link information from above output:
  link line regex: [^( *|.*[/\])(ld|([^/\]+-)?ld|collect2)[^/\]*( |$)]
  ignore line: [Change Dir: /Users/almightykim/Workspace/PC/CODE/aptcache/apt-cacher-ng/CMakeFiles/CMakeTmp]
  ignore line: []
  ignore line: [Run Build Command:"/usr/bin/make" "cmTC_17e5f/fast"]
  ignore line: [/Applications/Xcode.app/Contents/Developer/usr/bin/make -f CMakeFiles/cmTC_17e5f.dir/build.make CMakeFiles/cmTC_17e5f.dir/build]
  ignore line: [Building CXX object CMakeFiles/cmTC_17e5f.dir/CMakeCXXCompilerABI.cpp.o]
  ignore line: [/Applications/Xcode.app/Contents/Developer/Toolchains/XcodeDefault.xctoolchain/usr/bin/c++      -o CMakeFiles/cmTC_17e5f.dir/CMakeCXXCompilerABI.cpp.o -c /usr/local/Cellar/cmake/3.4.3/share/cmake/Modules/CMakeCXXCompilerABI.cpp]
  ignore line: [Linking CXX executable cmTC_17e5f]
  ignore line: [/usr/local/Cellar/cmake/3.4.3/bin/cmake -E cmake_link_script CMakeFiles/cmTC_17e5f.dir/link.txt --verbose=1]
  ignore line: [/Applications/Xcode.app/Contents/Developer/Toolchains/XcodeDefault.xctoolchain/usr/bin/c++     -Wl,-search_paths_first -Wl,-headerpad_max_install_names  -v -Wl,-v CMakeFiles/cmTC_17e5f.dir/CMakeCXXCompilerABI.cpp.o  -o cmTC_17e5f   ]
  ignore line: [Apple LLVM version 7.0.2 (clang-700.1.81)]
  ignore line: [Target: x86_64-apple-darwin15.3.0]
  ignore line: [Thread model: posix]
  link line: [ "/Applications/Xcode.app/Contents/Developer/Toolchains/XcodeDefault.xctoolchain/usr/bin/ld" -demangle -dynamic -arch x86_64 -macosx_version_min 10.11.0 -o cmTC_17e5f -search_paths_first -headerpad_max_install_names -v CMakeFiles/cmTC_17e5f.dir/CMakeCXXCompilerABI.cpp.o -lc++ -lSystem /Applications/Xcode.app/Contents/Developer/Toolchains/XcodeDefault.xctoolchain/usr/bin/../lib/clang/7.0.2/lib/darwin/libclang_rt.osx.a]
    arg [/Applications/Xcode.app/Contents/Developer/Toolchains/XcodeDefault.xctoolchain/usr/bin/ld] ==> ignore
    arg [-demangle] ==> ignore
    arg [-dynamic] ==> ignore
    arg [-arch] ==> ignore
    arg [x86_64] ==> ignore
    arg [-macosx_version_min] ==> ignore
    arg [10.11.0] ==> ignore
    arg [-o] ==> ignore
    arg [cmTC_17e5f] ==> ignore
    arg [-search_paths_first] ==> ignore
    arg [-headerpad_max_install_names] ==> ignore
    arg [-v] ==> ignore
    arg [CMakeFiles/cmTC_17e5f.dir/CMakeCXXCompilerABI.cpp.o] ==> ignore
    arg [-lc++] ==> lib [c++]
    arg [-lSystem] ==> lib [System]
    arg [/Applications/Xcode.app/Contents/Developer/Toolchains/XcodeDefault.xctoolchain/usr/bin/../lib/clang/7.0.2/lib/darwin/libclang_rt.osx.a] ==> lib [/Applications/Xcode.app/Contents/Developer/Toolchains/XcodeDefault.xctoolchain/usr/bin/../lib/clang/7.0.2/lib/darwin/libclang_rt.osx.a]
  Library search paths: [;/usr/lib;/usr/local/lib]
  Framework search paths: [;/Library/Frameworks/;/System/Library/Frameworks/]
  remove lib [System]
  collapse lib [/Applications/Xcode.app/Contents/Developer/Toolchains/XcodeDefault.xctoolchain/usr/bin/../lib/clang/7.0.2/lib/darwin/libclang_rt.osx.a] ==> [/Applications/Xcode.app/Contents/Developer/Toolchains/XcodeDefault.xctoolchain/usr/lib/clang/7.0.2/lib/darwin/libclang_rt.osx.a]
  collapse library dir [/usr/lib] ==> [/usr/lib]
  collapse library dir [/usr/local/lib] ==> [/usr/local/lib]
  collapse framework dir [/Library/Frameworks/] ==> [/Library/Frameworks]
  collapse framework dir [/System/Library/Frameworks/] ==> [/System/Library/Frameworks]
  implicit libs: [c++;/Applications/Xcode.app/Contents/Developer/Toolchains/XcodeDefault.xctoolchain/usr/lib/clang/7.0.2/lib/darwin/libclang_rt.osx.a]
  implicit dirs: [/usr/lib;/usr/local/lib]
  implicit fwks: [/Library/Frameworks;/System/Library/Frameworks]




Detecting CXX [-std=c++14] compiler features compiled with the following output:
Change Dir: /Users/almightykim/Workspace/PC/CODE/aptcache/apt-cacher-ng/CMakeFiles/CMakeTmp

Run Build Command:"/usr/bin/make" "cmTC_c31d7/fast"
/Applications/Xcode.app/Contents/Developer/usr/bin/make -f CMakeFiles/cmTC_c31d7.dir/build.make CMakeFiles/cmTC_c31d7.dir/build
Building CXX object CMakeFiles/cmTC_c31d7.dir/feature_tests.cxx.o
/Applications/Xcode.app/Contents/Developer/Toolchains/XcodeDefault.xctoolchain/usr/bin/c++     -std=c++14 -o CMakeFiles/cmTC_c31d7.dir/feature_tests.cxx.o -c /Users/almightykim/Workspace/PC/CODE/aptcache/apt-cacher-ng/CMakeFiles/feature_tests.cxx
Linking CXX executable cmTC_c31d7
/usr/local/Cellar/cmake/3.4.3/bin/cmake -E cmake_link_script CMakeFiles/cmTC_c31d7.dir/link.txt --verbose=1
/Applications/Xcode.app/Contents/Developer/Toolchains/XcodeDefault.xctoolchain/usr/bin/c++     -Wl,-search_paths_first -Wl,-headerpad_max_install_names   CMakeFiles/cmTC_c31d7.dir/feature_tests.cxx.o  -o cmTC_c31d7  


    Feature record: CXX_FEATURE:1cxx_aggregate_default_initializers
    Feature record: CXX_FEATURE:1cxx_alias_templates
    Feature record: CXX_FEATURE:1cxx_alignas
    Feature record: CXX_FEATURE:1cxx_alignof
    Feature record: CXX_FEATURE:1cxx_attributes
    Feature record: CXX_FEATURE:1cxx_attribute_deprecated
    Feature record: CXX_FEATURE:1cxx_auto_type
    Feature record: CXX_FEATURE:1cxx_binary_literals
    Feature record: CXX_FEATURE:1cxx_constexpr
    Feature record: CXX_FEATURE:1cxx_contextual_conversions
    Feature record: CXX_FEATURE:1cxx_decltype
    Feature record: CXX_FEATURE:1cxx_decltype_auto
    Feature record: CXX_FEATURE:1cxx_decltype_incomplete_return_types
    Feature record: CXX_FEATURE:1cxx_default_function_template_args
    Feature record: CXX_FEATURE:1cxx_defaulted_functions
    Feature record: CXX_FEATURE:1cxx_defaulted_move_initializers
    Feature record: CXX_FEATURE:1cxx_delegating_constructors
    Feature record: CXX_FEATURE:1cxx_deleted_functions
    Feature record: CXX_FEATURE:1cxx_digit_separators
    Feature record: CXX_FEATURE:1cxx_enum_forward_declarations
    Feature record: CXX_FEATURE:1cxx_explicit_conversions
    Feature record: CXX_FEATURE:1cxx_extended_friend_declarations
    Feature record: CXX_FEATURE:1cxx_extern_templates
    Feature record: CXX_FEATURE:1cxx_final
    Feature record: CXX_FEATURE:1cxx_func_identifier
    Feature record: CXX_FEATURE:1cxx_generalized_initializers
    Feature record: CXX_FEATURE:1cxx_generic_lambdas
    Feature record: CXX_FEATURE:1cxx_inheriting_constructors
    Feature record: CXX_FEATURE:1cxx_inline_namespaces
    Feature record: CXX_FEATURE:1cxx_lambdas
    Feature record: CXX_FEATURE:1cxx_lambda_init_captures
    Feature record: CXX_FEATURE:1cxx_local_type_template_args
    Feature record: CXX_FEATURE:1cxx_long_long_type
    Feature record: CXX_FEATURE:1cxx_noexcept
    Feature record: CXX_FEATURE:1cxx_nonstatic_member_init
    Feature record: CXX_FEATURE:1cxx_nullptr
    Feature record: CXX_FEATURE:1cxx_override
    Feature record: CXX_FEATURE:1cxx_range_for
    Feature record: CXX_FEATURE:1cxx_raw_string_literals
    Feature record: CXX_FEATURE:1cxx_reference_qualified_functions
    Feature record: CXX_FEATURE:1cxx_relaxed_constexpr
    Feature record: CXX_FEATURE:1cxx_return_type_deduction
    Feature record: CXX_FEATURE:1cxx_right_angle_brackets
    Feature record: CXX_FEATURE:1cxx_rvalue_references
    Feature record: CXX_FEATURE:1cxx_sizeof_member
    Feature record: CXX_FEATURE:1cxx_static_assert
    Feature record: CXX_FEATURE:1cxx_strong_enums
    Feature record: CXX_FEATURE:1cxx_template_template_parameters
    Feature record: CXX_FEATURE:0cxx_thread_local
    Feature record: CXX_FEATURE:1cxx_trailing_return_types
    Feature record: CXX_FEATURE:1cxx_unicode_literals
    Feature record: CXX_FEATURE:1cxx_uniform_initialization
    Feature record: CXX_FEATURE:1cxx_unrestricted_unions
    Feature record: CXX_FEATURE:1cxx_user_literals
    Feature record: CXX_FEATURE:1cxx_variable_templates
    Feature record: CXX_FEATURE:1cxx_variadic_macros
    Feature record: CXX_FEATURE:1cxx_variadic_templates


Detecting CXX [-std=c++11] compiler features compiled with the following output:
Change Dir: /Users/almightykim/Workspace/PC/CODE/aptcache/apt-cacher-ng/CMakeFiles/CMakeTmp

Run Build Command:"/usr/bin/make" "cmTC_86daa/fast"
/Applications/Xcode.app/Contents/Developer/usr/bin/make -f CMakeFiles/cmTC_86daa.dir/build.make CMakeFiles/cmTC_86daa.dir/build
Building CXX object CMakeFiles/cmTC_86daa.dir/feature_tests.cxx.o
/Applications/Xcode.app/Contents/Developer/Toolchains/XcodeDefault.xctoolchain/usr/bin/c++     -std=c++11 -o CMakeFiles/cmTC_86daa.dir/feature_tests.cxx.o -c /Users/almightykim/Workspace/PC/CODE/aptcache/apt-cacher-ng/CMakeFiles/feature_tests.cxx
Linking CXX executable cmTC_86daa
/usr/local/Cellar/cmake/3.4.3/bin/cmake -E cmake_link_script CMakeFiles/cmTC_86daa.dir/link.txt --verbose=1
/Applications/Xcode.app/Contents/Developer/Toolchains/XcodeDefault.xctoolchain/usr/bin/c++     -Wl,-search_paths_first -Wl,-headerpad_max_install_names   CMakeFiles/cmTC_86daa.dir/feature_tests.cxx.o  -o cmTC_86daa  


    Feature record: CXX_FEATURE:0cxx_aggregate_default_initializers
    Feature record: CXX_FEATURE:1cxx_alias_templates
    Feature record: CXX_FEATURE:1cxx_alignas
    Feature record: CXX_FEATURE:1cxx_alignof
    Feature record: CXX_FEATURE:1cxx_attributes
    Feature record: CXX_FEATURE:0cxx_attribute_deprecated
    Feature record: CXX_FEATURE:1cxx_auto_type
    Feature record: CXX_FEATURE:0cxx_binary_literals
    Feature record: CXX_FEATURE:1cxx_constexpr
    Feature record: CXX_FEATURE:0cxx_contextual_conversions
    Feature record: CXX_FEATURE:1cxx_decltype
    Feature record: CXX_FEATURE:0cxx_decltype_auto
    Feature record: CXX_FEATURE:1cxx_decltype_incomplete_return_types
    Feature record: CXX_FEATURE:1cxx_default_function_template_args
    Feature record: CXX_FEATURE:1cxx_defaulted_functions
    Feature record: CXX_FEATURE:1cxx_defaulted_move_initializers
    Feature record: CXX_FEATURE:1cxx_delegating_constructors
    Feature record: CXX_FEATURE:1cxx_deleted_functions
    Feature record: CXX_FEATURE:0cxx_digit_separators
    Feature record: CXX_FEATURE:1cxx_enum_forward_declarations
    Feature record: CXX_FEATURE:1cxx_explicit_conversions
    Feature record: CXX_FEATURE:1cxx_extended_friend_declarations
    Feature record: CXX_FEATURE:1cxx_extern_templates
    Feature record: CXX_FEATURE:1cxx_final
    Feature record: CXX_FEATURE:1cxx_func_identifier
    Feature record: CXX_FEATURE:1cxx_generalized_initializers
    Feature record: CXX_FEATURE:0cxx_generic_lambdas
    Feature record: CXX_FEATURE:1cxx_inheriting_constructors
    Feature record: CXX_FEATURE:1cxx_inline_namespaces
    Feature record: CXX_FEATURE:1cxx_lambdas
    Feature record: CXX_FEATURE:0cxx_lambda_init_captures
    Feature record: CXX_FEATURE:1cxx_local_type_template_args
    Feature record: CXX_FEATURE:1cxx_long_long_type
    Feature record: CXX_FEATURE:1cxx_noexcept
    Feature record: CXX_FEATURE:1cxx_nonstatic_member_init
    Feature record: CXX_FEATURE:1cxx_nullptr
    Feature record: CXX_FEATURE:1cxx_override
    Feature record: CXX_FEATURE:1cxx_range_for
    Feature record: CXX_FEATURE:1cxx_raw_string_literals
    Feature record: CXX_FEATURE:1cxx_reference_qualified_functions
    Feature record: CXX_FEATURE:0cxx_relaxed_constexpr
    Feature record: CXX_FEATURE:0cxx_return_type_deduction
    Feature record: CXX_FEATURE:1cxx_right_angle_brackets
    Feature record: CXX_FEATURE:1cxx_rvalue_references
    Feature record: CXX_FEATURE:1cxx_sizeof_member
    Feature record: CXX_FEATURE:1cxx_static_assert
    Feature record: CXX_FEATURE:1cxx_strong_enums
    Feature record: CXX_FEATURE:1cxx_template_template_parameters
    Feature record: CXX_FEATURE:0cxx_thread_local
    Feature record: CXX_FEATURE:1cxx_trailing_return_types
    Feature record: CXX_FEATURE:1cxx_unicode_literals
    Feature record: CXX_FEATURE:1cxx_uniform_initialization
    Feature record: CXX_FEATURE:1cxx_unrestricted_unions
    Feature record: CXX_FEATURE:1cxx_user_literals
    Feature record: CXX_FEATURE:0cxx_variable_templates
    Feature record: CXX_FEATURE:1cxx_variadic_macros
    Feature record: CXX_FEATURE:1cxx_variadic_templates


Detecting CXX [-std=c++98] compiler features compiled with the following output:
Change Dir: /Users/almightykim/Workspace/PC/CODE/aptcache/apt-cacher-ng/CMakeFiles/CMakeTmp

Run Build Command:"/usr/bin/make" "cmTC_480d7/fast"
/Applications/Xcode.app/Contents/Developer/usr/bin/make -f CMakeFiles/cmTC_480d7.dir/build.make CMakeFiles/cmTC_480d7.dir/build
Building CXX object CMakeFiles/cmTC_480d7.dir/feature_tests.cxx.o
/Applications/Xcode.app/Contents/Developer/Toolchains/XcodeDefault.xctoolchain/usr/bin/c++     -std=c++98 -o CMakeFiles/cmTC_480d7.dir/feature_tests.cxx.o -c /Users/almightykim/Workspace/PC/CODE/aptcache/apt-cacher-ng/CMakeFiles/feature_tests.cxx
Linking CXX executable cmTC_480d7
/usr/local/Cellar/cmake/3.4.3/bin/cmake -E cmake_link_script CMakeFiles/cmTC_480d7.dir/link.txt --verbose=1
/Applications/Xcode.app/Contents/Developer/Toolchains/XcodeDefault.xctoolchain/usr/bin/c++     -Wl,-search_paths_first -Wl,-headerpad_max_install_names   CMakeFiles/cmTC_480d7.dir/feature_tests.cxx.o  -o cmTC_480d7  


    Feature record: CXX_FEATURE:0cxx_aggregate_default_initializers
    Feature record: CXX_FEATURE:0cxx_alias_templates
    Feature record: CXX_FEATURE:0cxx_alignas
    Feature record: CXX_FEATURE:0cxx_alignof
    Feature record: CXX_FEATURE:0cxx_attributes
    Feature record: CXX_FEATURE:0cxx_attribute_deprecated
    Feature record: CXX_FEATURE:0cxx_auto_type
    Feature record: CXX_FEATURE:0cxx_binary_literals
    Feature record: CXX_FEATURE:0cxx_constexpr
    Feature record: CXX_FEATURE:0cxx_contextual_conversions
    Feature record: CXX_FEATURE:0cxx_decltype
    Feature record: CXX_FEATURE:0cxx_decltype_auto
    Feature record: CXX_FEATURE:0cxx_decltype_incomplete_return_types
    Feature record: CXX_FEATURE:0cxx_default_function_template_args
    Feature record: CXX_FEATURE:0cxx_defaulted_functions
    Feature record: CXX_FEATURE:0cxx_defaulted_move_initializers
    Feature record: CXX_FEATURE:0cxx_delegating_constructors
    Feature record: CXX_FEATURE:0cxx_deleted_functions
    Feature record: CXX_FEATURE:0cxx_digit_separators
    Feature record: CXX_FEATURE:0cxx_enum_forward_declarations
    Feature record: CXX_FEATURE:0cxx_explicit_conversions
    Feature record: CXX_FEATURE:0cxx_extended_friend_declarations
    Feature record: CXX_FEATURE:0cxx_extern_templates
    Feature record: CXX_FEATURE:0cxx_final
    Feature record: CXX_FEATURE:0cxx_func_identifier
    Feature record: CXX_FEATURE:0cxx_generalized_initializers
    Feature record: CXX_FEATURE:0cxx_generic_lambdas
    Feature record: CXX_FEATURE:0cxx_inheriting_constructors
    Feature record: CXX_FEATURE:0cxx_inline_namespaces
    Feature record: CXX_FEATURE:0cxx_lambdas
    Feature record: CXX_FEATURE:0cxx_lambda_init_captures
    Feature record: CXX_FEATURE:0cxx_local_type_template_args
    Feature record: CXX_FEATURE:0cxx_long_long_type
    Feature record: CXX_FEATURE:0cxx_noexcept
    Feature record: CXX_FEATURE:0cxx_nonstatic_member_init
    Feature record: CXX_FEATURE:0cxx_nullptr
    Feature record: CXX_FEATURE:0cxx_override
    Feature record: CXX_FEATURE:0cxx_range_for
    Feature record: CXX_FEATURE:0cxx_raw_string_literals
    Feature record: CXX_FEATURE:0cxx_reference_qualified_functions
    Feature record: CXX_FEATURE:0cxx_relaxed_constexpr
    Feature record: CXX_FEATURE:0cxx_return_type_deduction
    Feature record: CXX_FEATURE:0cxx_right_angle_brackets
    Feature record: CXX_FEATURE:0cxx_rvalue_references
    Feature record: CXX_FEATURE:0cxx_sizeof_member
    Feature record: CXX_FEATURE:0cxx_static_assert
    Feature record: CXX_FEATURE:0cxx_strong_enums
    Feature record: CXX_FEATURE:1cxx_template_template_parameters
    Feature record: CXX_FEATURE:0cxx_thread_local
    Feature record: CXX_FEATURE:0cxx_trailing_return_types
    Feature record: CXX_FEATURE:0cxx_unicode_literals
    Feature record: CXX_FEATURE:0cxx_uniform_initialization
    Feature record: CXX_FEATURE:0cxx_unrestricted_unions
    Feature record: CXX_FEATURE:0cxx_user_literals
    Feature record: CXX_FEATURE:0cxx_variable_templates
    Feature record: CXX_FEATURE:0cxx_variadic_macros
    Feature record: CXX_FEATURE:0cxx_variadic_templates
Determining if the C compiler works passed with the following output:
Change Dir: /Users/almightykim/Workspace/PC/CODE/aptcache/apt-cacher-ng/CMakeFiles/CMakeTmp

Run Build Command:"/usr/bin/make" "cmTC_c1440/fast"
/Applications/Xcode.app/Contents/Developer/usr/bin/make -f CMakeFiles/cmTC_c1440.dir/build.make CMakeFiles/cmTC_c1440.dir/build
Building C object CMakeFiles/cmTC_c1440.dir/testCCompiler.c.o
/Applications/Xcode.app/Contents/Developer/Toolchains/XcodeDefault.xctoolchain/usr/bin/cc     -o CMakeFiles/cmTC_c1440.dir/testCCompiler.c.o   -c /Users/almightykim/Workspace/PC/CODE/aptcache/apt-cacher-ng/CMakeFiles/CMakeTmp/testCCompiler.c
Linking C executable cmTC_c1440
/usr/local/Cellar/cmake/3.4.3/bin/cmake -E cmake_link_script CMakeFiles/cmTC_c1440.dir/link.txt --verbose=1
/Applications/Xcode.app/Contents/Developer/Toolchains/XcodeDefault.xctoolchain/usr/bin/cc    -Wl,-search_paths_first -Wl,-headerpad_max_install_names   CMakeFiles/cmTC_c1440.dir/testCCompiler.c.o  -o cmTC_c1440  


Detecting C compiler ABI info compiled with the following output:
Change Dir: /Users/almightykim/Workspace/PC/CODE/aptcache/apt-cacher-ng/CMakeFiles/CMakeTmp

Run Build Command:"/usr/bin/make" "cmTC_411af/fast"
/Applications/Xcode.app/Contents/Developer/usr/bin/make -f CMakeFiles/cmTC_411af.dir/build.make CMakeFiles/cmTC_411af.dir/build
Building C object CMakeFiles/cmTC_411af.dir/CMakeCCompilerABI.c.o
/Applications/Xcode.app/Contents/Developer/Toolchains/XcodeDefault.xctoolchain/usr/bin/cc     -o CMakeFiles/cmTC_411af.dir/CMakeCCompilerABI.c.o   -c /usr/local/Cellar/cmake/3.4.3/share/cmake/Modules/CMakeCCompilerABI.c
Linking C executable cmTC_411af
/usr/local/Cellar/cmake/3.4.3/bin/cmake -E cmake_link_script CMakeFiles/cmTC_411af.dir/link.txt --verbose=1
/Applications/Xcode.app/Contents/Developer/Toolchains/XcodeDefault.xctoolchain/usr/bin/cc    -Wl,-search_paths_first -Wl,-headerpad_max_install_names  -v -Wl,-v CMakeFiles/cmTC_411af.dir/CMakeCCompilerABI.c.o  -o cmTC_411af   
Apple LLVM version 7.0.2 (clang-700.1.81)
Target: x86_64-apple-darwin15.3.0
Thread model: posix
 "/Applications/Xcode.app/Contents/Developer/Toolchains/XcodeDefault.xctoolchain/usr/bin/ld" -demangle -dynamic -arch x86_64 -macosx_version_min 10.11.0 -o cmTC_411af -search_paths_first -headerpad_max_install_names -v CMakeFiles/cmTC_411af.dir/CMakeCCompilerABI.c.o -lSystem /Applications/Xcode.app/Contents/Developer/Toolchains/XcodeDefault.xctoolchain/usr/bin/../lib/clang/7.0.2/lib/darwin/libclang_rt.osx.a
@(#)PROGRAM:ld  PROJECT:ld64-253.9
configured to support archs: armv6 armv7 armv7s arm64 i386 x86_64 x86_64h armv6m armv7k armv7m armv7em (tvOS)
Library search paths:
	/usr/lib
	/usr/local/lib
Framework search paths:
	/Library/Frameworks/
	/System/Library/Frameworks/


Parsed C implicit link information from above output:
  link line regex: [^( *|.*[/\])(ld|([^/\]+-)?ld|collect2)[^/\]*( |$)]
  ignore line: [Change Dir: /Users/almightykim/Workspace/PC/CODE/aptcache/apt-cacher-ng/CMakeFiles/CMakeTmp]
  ignore line: []
  ignore line: [Run Build Command:"/usr/bin/make" "cmTC_411af/fast"]
  ignore line: [/Applications/Xcode.app/Contents/Developer/usr/bin/make -f CMakeFiles/cmTC_411af.dir/build.make CMakeFiles/cmTC_411af.dir/build]
  ignore line: [Building C object CMakeFiles/cmTC_411af.dir/CMakeCCompilerABI.c.o]
  ignore line: [/Applications/Xcode.app/Contents/Developer/Toolchains/XcodeDefault.xctoolchain/usr/bin/cc     -o CMakeFiles/cmTC_411af.dir/CMakeCCompilerABI.c.o   -c /usr/local/Cellar/cmake/3.4.3/share/cmake/Modules/CMakeCCompilerABI.c]
  ignore line: [Linking C executable cmTC_411af]
  ignore line: [/usr/local/Cellar/cmake/3.4.3/bin/cmake -E cmake_link_script CMakeFiles/cmTC_411af.dir/link.txt --verbose=1]
  ignore line: [/Applications/Xcode.app/Contents/Developer/Toolchains/XcodeDefault.xctoolchain/usr/bin/cc    -Wl,-search_paths_first -Wl,-headerpad_max_install_names  -v -Wl,-v CMakeFiles/cmTC_411af.dir/CMakeCCompilerABI.c.o  -o cmTC_411af   ]
  ignore line: [Apple LLVM version 7.0.2 (clang-700.1.81)]
  ignore line: [Target: x86_64-apple-darwin15.3.0]
  ignore line: [Thread model: posix]
  link line: [ "/Applications/Xcode.app/Contents/Developer/Toolchains/XcodeDefault.xctoolchain/usr/bin/ld" -demangle -dynamic -arch x86_64 -macosx_version_min 10.11.0 -o cmTC_411af -search_paths_first -headerpad_max_install_names -v CMakeFiles/cmTC_411af.dir/CMakeCCompilerABI.c.o -lSystem /Applications/Xcode.app/Contents/Developer/Toolchains/XcodeDefault.xctoolchain/usr/bin/../lib/clang/7.0.2/lib/darwin/libclang_rt.osx.a]
    arg [/Applications/Xcode.app/Contents/Developer/Toolchains/XcodeDefault.xctoolchain/usr/bin/ld] ==> ignore
    arg [-demangle] ==> ignore
    arg [-dynamic] ==> ignore
    arg [-arch] ==> ignore
    arg [x86_64] ==> ignore
    arg [-macosx_version_min] ==> ignore
    arg [10.11.0] ==> ignore
    arg [-o] ==> ignore
    arg [cmTC_411af] ==> ignore
    arg [-search_paths_first] ==> ignore
    arg [-headerpad_max_install_names] ==> ignore
    arg [-v] ==> ignore
    arg [CMakeFiles/cmTC_411af.dir/CMakeCCompilerABI.c.o] ==> ignore
    arg [-lSystem] ==> lib [System]
    arg [/Applications/Xcode.app/Contents/Developer/Toolchains/XcodeDefault.xctoolchain/usr/bin/../lib/clang/7.0.2/lib/darwin/libclang_rt.osx.a] ==> lib [/Applications/Xcode.app/Contents/Developer/Toolchains/XcodeDefault.xctoolchain/usr/bin/../lib/clang/7.0.2/lib/darwin/libclang_rt.osx.a]
  Library search paths: [;/usr/lib;/usr/local/lib]
  Framework search paths: [;/Library/Frameworks/;/System/Library/Frameworks/]
  remove lib [System]
  collapse lib [/Applications/Xcode.app/Contents/Developer/Toolchains/XcodeDefault.xctoolchain/usr/bin/../lib/clang/7.0.2/lib/darwin/libclang_rt.osx.a] ==> [/Applications/Xcode.app/Contents/Developer/Toolchains/XcodeDefault.xctoolchain/usr/lib/clang/7.0.2/lib/darwin/libclang_rt.osx.a]
  collapse library dir [/usr/lib] ==> [/usr/lib]
  collapse library dir [/usr/local/lib] ==> [/usr/local/lib]
  collapse framework dir [/Library/Frameworks/] ==> [/Library/Frameworks]
  collapse framework dir [/System/Library/Frameworks/] ==> [/System/Library/Frameworks]
  implicit libs: [/Applications/Xcode.app/Contents/Developer/Toolchains/XcodeDefault.xctoolchain/usr/lib/clang/7.0.2/lib/darwin/libclang_rt.osx.a]
  implicit dirs: [/usr/lib;/usr/local/lib]
  implicit fwks: [/Library/Frameworks;/System/Library/Frameworks]




Detecting C [-std=c11] compiler features compiled with the following output:
Change Dir: /Users/almightykim/Workspace/PC/CODE/aptcache/apt-cacher-ng/CMakeFiles/CMakeTmp

Run Build Command:"/usr/bin/make" "cmTC_b32e6/fast"
/Applications/Xcode.app/Contents/Developer/usr/bin/make -f CMakeFiles/cmTC_b32e6.dir/build.make CMakeFiles/cmTC_b32e6.dir/build
Building C object CMakeFiles/cmTC_b32e6.dir/feature_tests.c.o
/Applications/Xcode.app/Contents/Developer/Toolchains/XcodeDefault.xctoolchain/usr/bin/cc    -std=c11 -o CMakeFiles/cmTC_b32e6.dir/feature_tests.c.o   -c /Users/almightykim/Workspace/PC/CODE/aptcache/apt-cacher-ng/CMakeFiles/feature_tests.c
Linking C executable cmTC_b32e6
/usr/local/Cellar/cmake/3.4.3/bin/cmake -E cmake_link_script CMakeFiles/cmTC_b32e6.dir/link.txt --verbose=1
/Applications/Xcode.app/Contents/Developer/Toolchains/XcodeDefault.xctoolchain/usr/bin/cc    -Wl,-search_paths_first -Wl,-headerpad_max_install_names   CMakeFiles/cmTC_b32e6.dir/feature_tests.c.o  -o cmTC_b32e6  


    Feature record: C_FEATURE:1c_function_prototypes
    Feature record: C_FEATURE:1c_restrict
    Feature record: C_FEATURE:1c_static_assert
    Feature record: C_FEATURE:1c_variadic_macros


Detecting C [-std=c99] compiler features compiled with the following output:
Change Dir: /Users/almightykim/Workspace/PC/CODE/aptcache/apt-cacher-ng/CMakeFiles/CMakeTmp

Run Build Command:"/usr/bin/make" "cmTC_b9ed8/fast"
/Applications/Xcode.app/Contents/Developer/usr/bin/make -f CMakeFiles/cmTC_b9ed8.dir/build.make CMakeFiles/cmTC_b9ed8.dir/build
Building C object CMakeFiles/cmTC_b9ed8.dir/feature_tests.c.o
/Applications/Xcode.app/Contents/Developer/Toolchains/XcodeDefault.xctoolchain/usr/bin/cc    -std=c99 -o CMakeFiles/cmTC_b9ed8.dir/feature_tests.c.o   -c /Users/almightykim/Workspace/PC/CODE/aptcache/apt-cacher-ng/CMakeFiles/feature_tests.c
Linking C executable cmTC_b9ed8
/usr/local/Cellar/cmake/3.4.3/bin/cmake -E cmake_link_script CMakeFiles/cmTC_b9ed8.dir/link.txt --verbose=1
/Applications/Xcode.app/Contents/Developer/Toolchains/XcodeDefault.xctoolchain/usr/bin/cc    -Wl,-search_paths_first -Wl,-headerpad_max_install_names   CMakeFiles/cmTC_b9ed8.dir/feature_tests.c.o  -o cmTC_b9ed8  


    Feature record: C_FEATURE:1c_function_prototypes
    Feature record: C_FEATURE:1c_restrict
    Feature record: C_FEATURE:0c_static_assert
    Feature record: C_FEATURE:1c_variadic_macros


Detecting C [-std=c90] compiler features compiled with the following output:
Change Dir: /Users/almightykim/Workspace/PC/CODE/aptcache/apt-cacher-ng/CMakeFiles/CMakeTmp

Run Build Command:"/usr/bin/make" "cmTC_6cfd1/fast"
/Applications/Xcode.app/Contents/Developer/usr/bin/make -f CMakeFiles/cmTC_6cfd1.dir/build.make CMakeFiles/cmTC_6cfd1.dir/build
Building C object CMakeFiles/cmTC_6cfd1.dir/feature_tests.c.o
/Applications/Xcode.app/Contents/Developer/Toolchains/XcodeDefault.xctoolchain/usr/bin/cc    -std=c90 -o CMakeFiles/cmTC_6cfd1.dir/feature_tests.c.o   -c /Users/almightykim/Workspace/PC/CODE/aptcache/apt-cacher-ng/CMakeFiles/feature_tests.c
Linking C executable cmTC_6cfd1
/usr/local/Cellar/cmake/3.4.3/bin/cmake -E cmake_link_script CMakeFiles/cmTC_6cfd1.dir/link.txt --verbose=1
/Applications/Xcode.app/Contents/Developer/Toolchains/XcodeDefault.xctoolchain/usr/bin/cc    -Wl,-search_paths_first -Wl,-headerpad_max_install_names   CMakeFiles/cmTC_6cfd1.dir/feature_tests.c.o  -o cmTC_6cfd1  


    Feature record: C_FEATURE:1c_function_prototypes
    Feature record: C_FEATURE:0c_restrict
    Feature record: C_FEATURE:0c_static_assert
    Feature record: C_FEATURE:0c_variadic_macros
Determining if files sys/param.h;sys/mount.h exist passed with the following output:
Change Dir: /Users/almightykim/Workspace/PC/CODE/aptcache/apt-cacher-ng/CMakeFiles/CMakeTmp

Run Build Command:"/usr/bin/make" "cmTC_ea1d1/fast"
/Applications/Xcode.app/Contents/Developer/usr/bin/make -f CMakeFiles/cmTC_ea1d1.dir/build.make CMakeFiles/cmTC_ea1d1.dir/build
Building C object CMakeFiles/cmTC_ea1d1.dir/CheckIncludeFiles.c.o
/Applications/Xcode.app/Contents/Developer/Toolchains/XcodeDefault.xctoolchain/usr/bin/cc     -o CMakeFiles/cmTC_ea1d1.dir/CheckIncludeFiles.c.o   -c /Users/almightykim/Workspace/PC/CODE/aptcache/apt-cacher-ng/CMakeFiles/CMakeTmp/CheckIncludeFiles.c
Linking C executable cmTC_ea1d1
/usr/local/Cellar/cmake/3.4.3/bin/cmake -E cmake_link_script CMakeFiles/cmTC_ea1d1.dir/link.txt --verbose=1
/Applications/Xcode.app/Contents/Developer/Toolchains/XcodeDefault.xctoolchain/usr/bin/cc    -Wl,-search_paths_first -Wl,-headerpad_max_install_names   CMakeFiles/cmTC_ea1d1.dir/CheckIncludeFiles.c.o  -o cmTC_ea1d1  


Performing C++ SOURCE FILE Test SET_CXX11_FLAGS succeded with the following output:
Change Dir: /Users/almightykim/Workspace/PC/CODE/aptcache/apt-cacher-ng/CMakeFiles/CMakeTmp

Run Build Command:"/usr/bin/make" "cmTC_82fa8/fast"
/Applications/Xcode.app/Contents/Developer/usr/bin/make -f CMakeFiles/cmTC_82fa8.dir/build.make CMakeFiles/cmTC_82fa8.dir/build
Building CXX object CMakeFiles/cmTC_82fa8.dir/src.cxx.o
/Applications/Xcode.app/Contents/Developer/Toolchains/XcodeDefault.xctoolchain/usr/bin/c++     -DSET_CXX11_FLAGS    -pthread -g -O2 -Wall -Wextra -Wno-unused-parameter -D_FILE_OFFSET_BITS=64  -D_DARWIN_C_SOURCE  -std=c++11   -o CMakeFiles/cmTC_82fa8.dir/src.cxx.o -c /Users/almightykim/Workspace/PC/CODE/aptcache/apt-cacher-ng/CMakeFiles/CMakeTmp/src.cxx
Linking CXX executable cmTC_82fa8
/usr/local/Cellar/cmake/3.4.3/bin/cmake -E cmake_link_script CMakeFiles/cmTC_82fa8.dir/link.txt --verbose=1
/Applications/Xcode.app/Contents/Developer/Toolchains/XcodeDefault.xctoolchain/usr/bin/c++    -DSET_CXX11_FLAGS    -pthread -g -O2 -Wall -Wextra -Wno-unused-parameter -D_FILE_OFFSET_BITS=64  -D_DARWIN_C_SOURCE  -std=c++11 -Wl,-search_paths_first -Wl,-headerpad_max_install_names   CMakeFiles/cmTC_82fa8.dir/src.cxx.o  -o cmTC_82fa8  
clang: warning: argument unused during compilation: '-pthread'

Source file was:
struct z{int a=3;}; int main(){int a[3];for(auto x:a) return x;}
Performing C++ SOURCE FILE Test HAS_NOGNU11BUG succeded with the following output:
Change Dir: /Users/almightykim/Workspace/PC/CODE/aptcache/apt-cacher-ng/CMakeFiles/CMakeTmp

Run Build Command:"/usr/bin/make" "cmTC_b818e/fast"
/Applications/Xcode.app/Contents/Developer/usr/bin/make -f CMakeFiles/cmTC_b818e.dir/build.make CMakeFiles/cmTC_b818e.dir/build
Building CXX object CMakeFiles/cmTC_b818e.dir/src.cxx.o
/Applications/Xcode.app/Contents/Developer/Toolchains/XcodeDefault.xctoolchain/usr/bin/c++     -DHAS_NOGNU11BUG    -pthread -g -O2 -Wall -Wextra -Wno-unused-parameter -D_FILE_OFFSET_BITS=64  -D_DARWIN_C_SOURCE  -std=c++11   -o CMakeFiles/cmTC_b818e.dir/src.cxx.o -c /Users/almightykim/Workspace/PC/CODE/aptcache/apt-cacher-ng/CMakeFiles/CMakeTmp/src.cxx
Linking CXX executable cmTC_b818e
/usr/local/Cellar/cmake/3.4.3/bin/cmake -E cmake_link_script CMakeFiles/cmTC_b818e.dir/link.txt --verbose=1
/Applications/Xcode.app/Contents/Developer/Toolchains/XcodeDefault.xctoolchain/usr/bin/c++    -DHAS_NOGNU11BUG    -pthread -g -O2 -Wall -Wextra -Wno-unused-parameter -D_FILE_OFFSET_BITS=64  -D_DARWIN_C_SOURCE  -std=c++11 -Wl,-search_paths_first -Wl,-headerpad_max_install_names   CMakeFiles/cmTC_b818e.dir/src.cxx.o  -o cmTC_b818e  
clang: warning: argument unused during compilation: '-pthread'

Source file was:

#include <cstdio>
int main() { char buf[20]; return snprintf(buf,3,0); }

Performing C++ SOURCE FILE Test USE_WLASNEEDED succeded with the following output:
Change Dir: /Users/almightykim/Workspace/PC/CODE/aptcache/apt-cacher-ng/CMakeFiles/CMakeTmp

Run Build Command:"/usr/bin/make" "cmTC_00c7d/fast"
/Applications/Xcode.app/Contents/Developer/usr/bin/make -f CMakeFiles/cmTC_00c7d.dir/build.make CMakeFiles/cmTC_00c7d.dir/build
Building CXX object CMakeFiles/cmTC_00c7d.dir/src.cxx.o
/Applications/Xcode.app/Contents/Developer/Toolchains/XcodeDefault.xctoolchain/usr/bin/c++     -DUSE_WLASNEEDED    -pthread -g -O2 -Wall -Wextra -Wno-unused-parameter -D_FILE_OFFSET_BITS=64  -D_DARWIN_C_SOURCE  -std=c++11   -o CMakeFiles/cmTC_00c7d.dir/src.cxx.o -c /Users/almightykim/Workspace/PC/CODE/aptcache/apt-cacher-ng/CMakeFiles/CMakeTmp/src.cxx
Linking CXX executable cmTC_00c7d
/usr/local/Cellar/cmake/3.4.3/bin/cmake -E cmake_link_script CMakeFiles/cmTC_00c7d.dir/link.txt --verbose=1
/Applications/Xcode.app/Contents/Developer/Toolchains/XcodeDefault.xctoolchain/usr/bin/c++    -DUSE_WLASNEEDED    -pthread -g -O2 -Wall -Wextra -Wno-unused-parameter -D_FILE_OFFSET_BITS=64  -D_DARWIN_C_SOURCE  -std=c++11 -Wl,-search_paths_first -Wl,-headerpad_max_install_names   CMakeFiles/cmTC_00c7d.dir/src.cxx.o  -o cmTC_00c7d  
clang: warning: argument unused during compilation: '-pthread'

Source file was:
struct z{int a=3;}; int main(){int a[3];for(auto x:a) return x;}
Performing C++ SOURCE FILE Test HAVE_LZMA succeded with the following output:
Change Dir: /Users/almightykim/Workspace/PC/CODE/aptcache/apt-cacher-ng/CMakeFiles/CMakeTmp

Run Build Command:"/usr/bin/make" "cmTC_a3022/fast"
/Applications/Xcode.app/Contents/Developer/usr/bin/make -f CMakeFiles/cmTC_a3022.dir/build.make CMakeFiles/cmTC_a3022.dir/build
Building CXX object CMakeFiles/cmTC_a3022.dir/src.cxx.o
/Applications/Xcode.app/Contents/Developer/Toolchains/XcodeDefault.xctoolchain/usr/bin/c++     -DHAVE_LZMA    -pthread -g -O2 -Wall -Wextra -Wno-unused-parameter -D_FILE_OFFSET_BITS=64  -D_DARWIN_C_SOURCE  -std=c++11   -o CMakeFiles/cmTC_a3022.dir/src.cxx.o -c /Users/almightykim/Workspace/PC/CODE/aptcache/apt-cacher-ng/CMakeFiles/CMakeTmp/src.cxx
Linking CXX executable cmTC_a3022
/usr/local/Cellar/cmake/3.4.3/bin/cmake -E cmake_link_script CMakeFiles/cmTC_a3022.dir/link.txt --verbose=1
/Applications/Xcode.app/Contents/Developer/Toolchains/XcodeDefault.xctoolchain/usr/bin/c++    -DHAVE_LZMA    -pthread -g -O2 -Wall -Wextra -Wno-unused-parameter -D_FILE_OFFSET_BITS=64  -D_DARWIN_C_SOURCE  -std=c++11 -Wl,-search_paths_first -Wl,-headerpad_max_install_names   CMakeFiles/cmTC_a3022.dir/src.cxx.o  -o cmTC_a3022  -llzma 
clang: warning: argument unused during compilation: '-pthread'

Source file was:

#include <lzma.h>
lzma_stream t; int main(){ return lzma_stream_decoder (&t, 32000000, LZMA_TELL_UNSUPPORTED_CHECK | LZMA_CONCATENATED); }

Performing C++ SOURCE FILE Test HAVE_WORDEXP succeded with the following output:
Change Dir: /Users/almightykim/Workspace/PC/CODE/aptcache/apt-cacher-ng/CMakeFiles/CMakeTmp

Run Build Command:"/usr/bin/make" "cmTC_78287/fast"
/Applications/Xcode.app/Contents/Developer/usr/bin/make -f CMakeFiles/cmTC_78287.dir/build.make CMakeFiles/cmTC_78287.dir/build
Building CXX object CMakeFiles/cmTC_78287.dir/src.cxx.o
/Applications/Xcode.app/Contents/Developer/Toolchains/XcodeDefault.xctoolchain/usr/bin/c++     -DHAVE_WORDEXP    -pthread -g -O2 -Wall -Wextra -Wno-unused-parameter -D_FILE_OFFSET_BITS=64  -D_DARWIN_C_SOURCE  -std=c++11   -o CMakeFiles/cmTC_78287.dir/src.cxx.o -c /Users/almightykim/Workspace/PC/CODE/aptcache/apt-cacher-ng/CMakeFiles/CMakeTmp/src.cxx
Linking CXX executable cmTC_78287
/usr/local/Cellar/cmake/3.4.3/bin/cmake -E cmake_link_script CMakeFiles/cmTC_78287.dir/link.txt --verbose=1
/Applications/Xcode.app/Contents/Developer/Toolchains/XcodeDefault.xctoolchain/usr/bin/c++    -DHAVE_WORDEXP    -pthread -g -O2 -Wall -Wextra -Wno-unused-parameter -D_FILE_OFFSET_BITS=64  -D_DARWIN_C_SOURCE  -std=c++11 -Wl,-search_paths_first -Wl,-headerpad_max_install_names   CMakeFiles/cmTC_78287.dir/src.cxx.o  -o cmTC_78287  
clang: warning: argument unused during compilation: '-pthread'

Source file was:

#include <wordexp.h>
int main(int argc, char **argv) { wordexp_t p; return wordexp(*argv, &p, 0); }

Performing C++ SOURCE FILE Test HAVE_GLOB succeded with the following output:
Change Dir: /Users/almightykim/Workspace/PC/CODE/aptcache/apt-cacher-ng/CMakeFiles/CMakeTmp

Run Build Command:"/usr/bin/make" "cmTC_d8d66/fast"
/Applications/Xcode.app/Contents/Developer/usr/bin/make -f CMakeFiles/cmTC_d8d66.dir/build.make CMakeFiles/cmTC_d8d66.dir/build
Building CXX object CMakeFiles/cmTC_d8d66.dir/src.cxx.o
/Applications/Xcode.app/Contents/Developer/Toolchains/XcodeDefault.xctoolchain/usr/bin/c++     -DHAVE_GLOB    -pthread -g -O2 -Wall -Wextra -Wno-unused-parameter -D_FILE_OFFSET_BITS=64  -D_DARWIN_C_SOURCE  -std=c++11   -o CMakeFiles/cmTC_d8d66.dir/src.cxx.o -c /Users/almightykim/Workspace/PC/CODE/aptcache/apt-cacher-ng/CMakeFiles/CMakeTmp/src.cxx
Linking CXX executable cmTC_d8d66
/usr/local/Cellar/cmake/3.4.3/bin/cmake -E cmake_link_script CMakeFiles/cmTC_d8d66.dir/link.txt --verbose=1
/Applications/Xcode.app/Contents/Developer/Toolchains/XcodeDefault.xctoolchain/usr/bin/c++    -DHAVE_GLOB    -pthread -g -O2 -Wall -Wextra -Wno-unused-parameter -D_FILE_OFFSET_BITS=64  -D_DARWIN_C_SOURCE  -std=c++11 -Wl,-search_paths_first -Wl,-headerpad_max_install_names   CMakeFiles/cmTC_d8d66.dir/src.cxx.o  -o cmTC_d8d66  
clang: warning: argument unused during compilation: '-pthread'

Source file was:

#include <glob.h>
int main(int argc, char **argv) { glob_t p; return glob(*argv, 0, 0, &p); }

Performing C++ SOURCE FILE Test HAVE_MADVISE succeded with the following output:
Change Dir: /Users/almightykim/Workspace/PC/CODE/aptcache/apt-cacher-ng/CMakeFiles/CMakeTmp

Run Build Command:"/usr/bin/make" "cmTC_e0745/fast"
/Applications/Xcode.app/Contents/Developer/usr/bin/make -f CMakeFiles/cmTC_e0745.dir/build.make CMakeFiles/cmTC_e0745.dir/build
Building CXX object CMakeFiles/cmTC_e0745.dir/src.cxx.o
/Applications/Xcode.app/Contents/Developer/Toolchains/XcodeDefault.xctoolchain/usr/bin/c++     -DHAVE_MADVISE    -pthread -g -O2 -Wall -Wextra -Wno-unused-parameter -D_FILE_OFFSET_BITS=64  -D_DARWIN_C_SOURCE  -std=c++11   -o CMakeFiles/cmTC_e0745.dir/src.cxx.o -c /Users/almightykim/Workspace/PC/CODE/aptcache/apt-cacher-ng/CMakeFiles/CMakeTmp/src.cxx
Linking CXX executable cmTC_e0745
/usr/local/Cellar/cmake/3.4.3/bin/cmake -E cmake_link_script CMakeFiles/cmTC_e0745.dir/link.txt --verbose=1
/Applications/Xcode.app/Contents/Developer/Toolchains/XcodeDefault.xctoolchain/usr/bin/c++    -DHAVE_MADVISE    -pthread -g -O2 -Wall -Wextra -Wno-unused-parameter -D_FILE_OFFSET_BITS=64  -D_DARWIN_C_SOURCE  -std=c++11 -Wl,-search_paths_first -Wl,-headerpad_max_install_names   CMakeFiles/cmTC_e0745.dir/src.cxx.o  -o cmTC_e0745  
clang: warning: argument unused during compilation: '-pthread'

Source file was:

#include <sys/mman.h>
int testme(void *addr, size_t length, int advice) { return posix_madvise(addr, length, advice); } int main(int,char**){return testme(0,0,0);}

Performing C++ SOURCE FILE Test HAVE_PREAD succeded with the following output:
Change Dir: /Users/almightykim/Workspace/PC/CODE/aptcache/apt-cacher-ng/CMakeFiles/CMakeTmp

Run Build Command:"/usr/bin/make" "cmTC_8cbf5/fast"
/Applications/Xcode.app/Contents/Developer/usr/bin/make -f CMakeFiles/cmTC_8cbf5.dir/build.make CMakeFiles/cmTC_8cbf5.dir/build
Building CXX object CMakeFiles/cmTC_8cbf5.dir/src.cxx.o
/Applications/Xcode.app/Contents/Developer/Toolchains/XcodeDefault.xctoolchain/usr/bin/c++     -DHAVE_PREAD    -pthread -g -O2 -Wall -Wextra -Wno-unused-parameter -D_FILE_OFFSET_BITS=64  -D_DARWIN_C_SOURCE  -std=c++11   -o CMakeFiles/cmTC_8cbf5.dir/src.cxx.o -c /Users/almightykim/Workspace/PC/CODE/aptcache/apt-cacher-ng/CMakeFiles/CMakeTmp/src.cxx
Linking CXX executable cmTC_8cbf5
/usr/local/Cellar/cmake/3.4.3/bin/cmake -E cmake_link_script CMakeFiles/cmTC_8cbf5.dir/link.txt --verbose=1
/Applications/Xcode.app/Contents/Developer/Toolchains/XcodeDefault.xctoolchain/usr/bin/c++    -DHAVE_PREAD    -pthread -g -O2 -Wall -Wextra -Wno-unused-parameter -D_FILE_OFFSET_BITS=64  -D_DARWIN_C_SOURCE  -std=c++11 -Wl,-search_paths_first -Wl,-headerpad_max_install_names   CMakeFiles/cmTC_8cbf5.dir/src.cxx.o  -o cmTC_8cbf5  
clang: warning: argument unused during compilation: '-pthread'

Source file was:

#include <unistd.h>
int main() { return pread(0, NULL, 0, 0); }

Performing C++ SOURCE FILE Test HAVE_MEMORY_SPTR succeded with the following output:
Change Dir: /Users/almightykim/Workspace/PC/CODE/aptcache/apt-cacher-ng/CMakeFiles/CMakeTmp

Run Build Command:"/usr/bin/make" "cmTC_5eb0c/fast"
/Applications/Xcode.app/Contents/Developer/usr/bin/make -f CMakeFiles/cmTC_5eb0c.dir/build.make CMakeFiles/cmTC_5eb0c.dir/build
Building CXX object CMakeFiles/cmTC_5eb0c.dir/src.cxx.o
/Applications/Xcode.app/Contents/Developer/Toolchains/XcodeDefault.xctoolchain/usr/bin/c++     -DHAVE_MEMORY_SPTR    -pthread -g -O2 -Wall -Wextra -Wno-unused-parameter -D_FILE_OFFSET_BITS=64  -D_DARWIN_C_SOURCE  -std=c++11   -o CMakeFiles/cmTC_5eb0c.dir/src.cxx.o -c /Users/almightykim/Workspace/PC/CODE/aptcache/apt-cacher-ng/CMakeFiles/CMakeTmp/src.cxx
Linking CXX executable cmTC_5eb0c
/usr/local/Cellar/cmake/3.4.3/bin/cmake -E cmake_link_script CMakeFiles/cmTC_5eb0c.dir/link.txt --verbose=1
/Applications/Xcode.app/Contents/Developer/Toolchains/XcodeDefault.xctoolchain/usr/bin/c++    -DHAVE_MEMORY_SPTR    -pthread -g -O2 -Wall -Wextra -Wno-unused-parameter -D_FILE_OFFSET_BITS=64  -D_DARWIN_C_SOURCE  -std=c++11 -Wl,-search_paths_first -Wl,-headerpad_max_install_names   CMakeFiles/cmTC_5eb0c.dir/src.cxx.o  -o cmTC_5eb0c  
clang: warning: argument unused during compilation: '-pthread'

Source file was:

#include <memory>
int main() { return NULL != std::shared_ptr<int>(new int(1)); }

Performing C++ SOURCE FILE Test HAVE_DLOPEN succeded with the following output:
Change Dir: /Users/almightykim/Workspace/PC/CODE/aptcache/apt-cacher-ng/CMakeFiles/CMakeTmp

Run Build Command:"/usr/bin/make" "cmTC_f20dc/fast"
/Applications/Xcode.app/Contents/Developer/usr/bin/make -f CMakeFiles/cmTC_f20dc.dir/build.make CMakeFiles/cmTC_f20dc.dir/build
Building CXX object CMakeFiles/cmTC_f20dc.dir/src.cxx.o
/Applications/Xcode.app/Contents/Developer/Toolchains/XcodeDefault.xctoolchain/usr/bin/c++     -DHAVE_DLOPEN    -pthread -g -O2 -Wall -Wextra -Wno-unused-parameter -D_FILE_OFFSET_BITS=64  -D_DARWIN_C_SOURCE  -std=c++11   -o CMakeFiles/cmTC_f20dc.dir/src.cxx.o -c /Users/almightykim/Workspace/PC/CODE/aptcache/apt-cacher-ng/CMakeFiles/CMakeTmp/src.cxx
Linking CXX executable cmTC_f20dc
/usr/local/Cellar/cmake/3.4.3/bin/cmake -E cmake_link_script CMakeFiles/cmTC_f20dc.dir/link.txt --verbose=1
/Applications/Xcode.app/Contents/Developer/Toolchains/XcodeDefault.xctoolchain/usr/bin/c++    -DHAVE_DLOPEN    -pthread -g -O2 -Wall -Wextra -Wno-unused-parameter -D_FILE_OFFSET_BITS=64  -D_DARWIN_C_SOURCE  -std=c++11 -Wl,-search_paths_first -Wl,-headerpad_max_install_names   CMakeFiles/cmTC_f20dc.dir/src.cxx.o  -o cmTC_f20dc  -ldl 
clang: warning: argument unused during compilation: '-pthread'

Source file was:
#include "/Users/almightykim/Workspace/PC/CODE/aptcache/apt-cacher-ng/include/testdlopen.h"
Performing C++ SOURCE FILE Test PTHREAD_COND_TIMEDWAIT_TIME_RANGE_OK succeded with the following output:
Change Dir: /Users/almightykim/Workspace/PC/CODE/aptcache/apt-cacher-ng/CMakeFiles/CMakeTmp

Run Build Command:"/usr/bin/make" "cmTC_46c5c/fast"
/Applications/Xcode.app/Contents/Developer/usr/bin/make -f CMakeFiles/cmTC_46c5c.dir/build.make CMakeFiles/cmTC_46c5c.dir/build
Building CXX object CMakeFiles/cmTC_46c5c.dir/src.cxx.o
/Applications/Xcode.app/Contents/Developer/Toolchains/XcodeDefault.xctoolchain/usr/bin/c++     -DPTHREAD_COND_TIMEDWAIT_TIME_RANGE_OK    -pthread -g -O2 -Wall -Wextra -Wno-unused-parameter -D_FILE_OFFSET_BITS=64  -D_DARWIN_C_SOURCE  -std=c++11   -o CMakeFiles/cmTC_46c5c.dir/src.cxx.o -c /Users/almightykim/Workspace/PC/CODE/aptcache/apt-cacher-ng/CMakeFiles/CMakeTmp/src.cxx
Linking CXX executable cmTC_46c5c
/usr/local/Cellar/cmake/3.4.3/bin/cmake -E cmake_link_script CMakeFiles/cmTC_46c5c.dir/link.txt --verbose=1
/Applications/Xcode.app/Contents/Developer/Toolchains/XcodeDefault.xctoolchain/usr/bin/c++    -DPTHREAD_COND_TIMEDWAIT_TIME_RANGE_OK    -pthread -g -O2 -Wall -Wextra -Wno-unused-parameter -D_FILE_OFFSET_BITS=64  -D_DARWIN_C_SOURCE  -std=c++11 -Wl,-search_paths_first -Wl,-headerpad_max_install_names   CMakeFiles/cmTC_46c5c.dir/src.cxx.o  -o cmTC_46c5c  -lpthread 
clang: warning: argument unused during compilation: '-pthread'

Return value: 1
Source file was:
#include "/Users/almightykim/Workspace/PC/CODE/aptcache/apt-cacher-ng/include/testpthread.h"
